[2024-10-12 16:12:50] [INFO ] 服务器启动，监听端口：8080
[2024-10-12 16:12:59] [INFO ] 接受新连接，文件描述符：6, 来自：127.0.0.1:33008
[2024-10-12 16:12:59] [DEBUG] 工作线程 135700907296448 开始执行任务。
[2024-10-12 16:12:59] [DEBUG] 处理读事件，文件描述符：6
[2024-10-12 16:12:59] [DEBUG] 工作线程 135700907296448 完成任务。
[2024-10-12 16:12:59] [DEBUG] 工作线程 135700896810688 开始执行任务。
[2024-10-12 16:12:59] [DEBUG] 处理写事件，文件描述符：6
[2024-10-12 16:12:59] [DEBUG] 工作线程 135700896810688 完成任务。
[2024-10-12 16:13:19] [DEBUG] 工作线程 135700886324928 开始执行任务。
[2024-10-12 16:13:19] [DEBUG] 处理读事件，文件描述符：6
[2024-10-12 16:13:19] [DEBUG] 工作线程 135700875839168 开始执行任务。
[2024-10-12 16:13:19] [DEBUG] 工作线程 135700886324928 完成任务。
[2024-10-12 16:13:19] [DEBUG] 处理写事件，文件描述符：6
[2024-10-12 16:13:19] [DEBUG] 工作线程 135700875839168 完成任务。
[2024-10-12 16:18:25] [INFO ] 服务器启动，监听端口：8080
[2024-10-12 16:18:26] [INFO ] 接受新连接，文件描述符：6, 来自：127.0.0.1:39770
[2024-10-12 16:18:26] [DEBUG] 工作线程 124094951458496 开始执行任务。
[2024-10-12 16:18:26] [DEBUG] 处理读事件，文件描述符：6
[2024-10-12 16:18:26] [DEBUG] 工作线程 124094951458496 完成任务。
[2024-10-12 16:18:26] [DEBUG] 工作线程 124094930486976 开始执行任务。
[2024-10-12 16:18:26] [DEBUG] 处理写事件，文件描述符：6
[2024-10-12 16:18:26] [DEBUG] 工作线程 124094930486976 完成任务。
[2024-10-12 16:18:26] [DEBUG] 工作线程 124094940972736 开始执行任务。
[2024-10-12 16:18:26] [DEBUG] 处理读事件，文件描述符：6
[2024-10-12 16:18:26] [DEBUG] 工作线程 124094909515456 开始执行任务。
[2024-10-12 16:18:26] [DEBUG] 处理写事件，文件描述符：6
[2024-10-12 16:18:26] [DEBUG] 工作线程 124094920001216 开始执行任务。
[2024-10-12 16:18:26] [DEBUG] 处理写事件，文件描述符：6
[2024-10-12 16:18:26] [DEBUG] 工作线程 124094920001216 完成任务。
[2024-10-12 16:18:26] [DEBUG] 工作线程 124094940972736 完成任务。
[2024-10-12 16:18:26] [DEBUG] 工作线程 124094909515456 完成任务。
[2024-10-12 16:18:26] [DEBUG] 工作线程 124094899029696 开始执行任务。
[2024-10-12 16:18:26] [DEBUG] 处理读事件，文件描述符：6
[2024-10-12 16:18:26] [DEBUG] 工作线程 124094899029696 完成任务。
[2024-10-12 16:18:26] [DEBUG] 工作线程 124094888543936 开始执行任务。
[2024-10-12 16:18:26] [DEBUG] 处理写事件，文件描述符：6
[2024-10-12 16:18:26] [INFO ] 接受新连接，文件描述符：7, 来自：127.0.0.1:39774
[2024-10-12 16:18:26] [DEBUG] 工作线程 124094888543936 完成任务。
[2024-10-12 16:18:26] [DEBUG] 工作线程 124094888543936 开始执行任务。
[2024-10-12 16:18:26] [DEBUG] 处理读事件，文件描述符：7
[2024-10-12 16:18:26] [DEBUG] 工作线程 124094888543936 完成任务。
[2024-10-12 16:18:26] [DEBUG] 工作线程 124094951458496 开始执行任务。
[2024-10-12 16:18:26] [DEBUG] 处理写事件，文件描述符：7
[2024-10-12 16:18:26] [DEBUG] 工作线程 124094951458496 完成任务。
[2024-10-12 16:20:22] [DEBUG] 工作线程 124094920001216 开始执行任务。
[2024-10-12 16:20:22] [DEBUG] 处理读事件，文件描述符：6
[2024-10-12 16:20:22] [DEBUG] 工作线程 124094930486976 开始执行任务。
[2024-10-12 16:20:22] [DEBUG] 处理读事件，文件描述符：7
[2024-10-12 16:20:22] [DEBUG] 工作线程 124094920001216 完成任务。
[2024-10-12 16:20:22] [DEBUG] 工作线程 124094930486976 完成任务。
[2024-10-12 16:23:55] [INFO ] 服务器启动，监听端口：8080
[2024-10-12 16:24:02] [INFO ] 接受新连接，文件描述符：6, 来自：127.0.0.1:56782
[2024-10-12 16:24:02] [DEBUG] 工作线程 126366167074496 开始执行任务。
[2024-10-12 16:24:02] [DEBUG] 处理读事件，文件描述符：6
[2024-10-12 16:24:02] [DEBUG] 工作线程 126366167074496 完成任务。
[2024-10-12 16:24:02] [DEBUG] 工作线程 126366156588736 开始执行任务。
[2024-10-12 16:24:02] [DEBUG] 处理写事件，文件描述符：6
[2024-10-12 16:24:02] [DEBUG] 工作线程 126366156588736 完成任务。
[2024-10-12 16:24:02] [INFO ] 接受新连接，文件描述符：7, 来自：127.0.0.1:56792
[2024-10-12 16:24:02] [DEBUG] 工作线程 126366146102976 开始执行任务。
[2024-10-12 16:24:02] [DEBUG] 处理读事件，文件描述符：6
[2024-10-12 16:24:02] [DEBUG] 工作线程 126366146102976 完成任务。
[2024-10-12 16:24:02] [DEBUG] 工作线程 126366135617216 开始执行任务。
[2024-10-12 16:24:02] [DEBUG] 处理读事件，文件描述符：7
[2024-10-12 16:24:02] [DEBUG] 工作线程 126366177560256 开始执行任务。
[2024-10-12 16:24:02] [DEBUG] 处理写事件，文件描述符：6
[2024-10-12 16:24:02] [DEBUG] 工作线程 126366125131456 开始执行任务。
[2024-10-12 16:24:02] [DEBUG] 处理写事件，文件描述符：7
[2024-10-12 16:24:02] [DEBUG] 工作线程 126366125131456 完成任务。
[2024-10-12 16:24:02] [DEBUG] 工作线程 126366177560256 完成任务。
[2024-10-12 16:24:02] [DEBUG] 工作线程 126366135617216 完成任务。
[2024-10-12 16:24:02] [DEBUG] 工作线程 126366114645696 开始执行任务。
[2024-10-12 16:24:02] [DEBUG] 处理读事件，文件描述符：6
[2024-10-12 16:24:02] [DEBUG] 工作线程 126366114645696 完成任务。
[2024-10-12 16:24:02] [DEBUG] 工作线程 126366114645696 开始执行任务。
[2024-10-12 16:24:02] [DEBUG] 处理写事件，文件描述符：6
[2024-10-12 16:24:02] [DEBUG] 工作线程 126366114645696 完成任务。
[2024-10-12 16:24:20] [DEBUG] 工作线程 126366167074496 开始执行任务。
[2024-10-12 16:24:20] [DEBUG] 处理读事件，文件描述符：6
[2024-10-12 16:24:20] [DEBUG] 工作线程 126366167074496 完成任务。
[2024-10-12 16:24:20] [DEBUG] 工作线程 126366167074496 开始执行任务。
[2024-10-12 16:24:20] [DEBUG] 处理写事件，文件描述符：6
[2024-10-12 16:24:20] [DEBUG] 工作线程 126366167074496 完成任务。
[2024-10-12 16:24:24] [DEBUG] 工作线程 126366146102976 开始执行任务。
[2024-10-12 16:24:24] [DEBUG] 处理读事件，文件描述符：6
[2024-10-12 16:24:24] [DEBUG] 工作线程 126366146102976 完成任务。
[2024-10-12 16:24:24] [DEBUG] 工作线程 126366125131456 开始执行任务。
[2024-10-12 16:24:24] [DEBUG] 处理写事件，文件描述符：6
[2024-10-12 16:24:24] [DEBUG] 工作线程 126366125131456 完成任务。
[2024-10-12 16:24:44] [DEBUG] 工作线程 126366177560256 开始执行任务。
[2024-10-12 16:24:44] [DEBUG] 处理读事件，文件描述符：6
[2024-10-12 16:24:44] [DEBUG] 工作线程 126366177560256 完成任务。
[2024-10-12 16:24:44] [DEBUG] 工作线程 126366135617216 开始执行任务。
[2024-10-12 16:24:44] [DEBUG] 处理写事件，文件描述符：6
[2024-10-12 16:24:44] [DEBUG] 工作线程 126366135617216 完成任务。
[2024-10-12 16:29:24] [INFO ] 服务器启动，监听端口：8080
[2024-10-12 16:29:32] [INFO ] 接受新连接，文件描述符：6, 来自：127.0.0.1:47022
[2024-10-12 16:29:32] [DEBUG] 工作线程 129568769836736 开始执行任务。
[2024-10-12 16:29:32] [DEBUG] 处理读事件，文件描述符：6
[2024-10-12 16:29:32] [DEBUG] 工作线程 129568769836736 完成任务。
[2024-10-12 16:29:32] [DEBUG] 工作线程 129568780322496 开始执行任务。
[2024-10-12 16:29:32] [DEBUG] 处理写事件，文件描述符：6
[2024-10-12 16:29:32] [DEBUG] 工作线程 129568780322496 完成任务。
[2024-10-12 16:29:32] [DEBUG] 工作线程 129568759350976 开始执行任务。
[2024-10-12 16:29:32] [DEBUG] 处理读事件，文件描述符：6
[2024-10-12 16:29:32] [DEBUG] 工作线程 129568748865216 开始执行任务。
[2024-10-12 16:29:32] [DEBUG] 处理写事件，文件描述符：6
[2024-10-12 16:29:32] [DEBUG] 工作线程 129568748865216 完成任务。
[2024-10-12 16:29:32] [INFO ] 接受新连接，文件描述符：7, 来自：127.0.0.1:47036
[2024-10-12 16:29:32] [DEBUG] 工作线程 129568738379456 开始执行任务。
[2024-10-12 16:29:32] [DEBUG] 处理读事件，文件描述符：7
[2024-10-12 16:29:32] [DEBUG] 工作线程 129568727893696 开始执行任务。
[2024-10-12 16:29:32] [DEBUG] 处理写事件，文件描述符：6
[2024-10-12 16:29:32] [DEBUG] 工作线程 129568727893696 完成任务。
[2024-10-12 16:29:32] [DEBUG] 工作线程 129568738379456 完成任务。
[2024-10-12 16:29:32] [DEBUG] 工作线程 129568738379456 开始执行任务。
[2024-10-12 16:29:32] [DEBUG] 处理写事件，文件描述符：7
[2024-10-12 16:29:32] [DEBUG] 工作线程 129568738379456 完成任务。
[2024-10-12 16:29:32] [INFO ] 接受新连接，文件描述符：8, 来自：127.0.0.1:47052
[2024-10-12 16:29:32] [DEBUG] 工作线程 129568759350976 完成任务。
[2024-10-12 16:29:32] [DEBUG] 工作线程 129568706922176 开始执行任务。
[2024-10-12 16:29:32] [DEBUG] 处理读事件，文件描述符：7
[2024-10-12 16:29:32] [DEBUG] 工作线程 129568706922176 完成任务。
[2024-10-12 16:29:32] [DEBUG] 工作线程 129568706922176 开始执行任务。
[2024-10-12 16:29:32] [DEBUG] 处理写事件，文件描述符：7
[2024-10-12 16:29:32] [DEBUG] 工作线程 129568706922176 完成任务。
[2024-10-12 16:29:32] [DEBUG] 工作线程 129568706922176 开始执行任务。
[2024-10-12 16:29:32] [DEBUG] 处理写事件，文件描述符：7
[2024-10-12 16:29:32] [DEBUG] 工作线程 129568706922176 完成任务。
[2024-10-12 16:29:37] [DEBUG] 工作线程 129568727893696 开始执行任务。
[2024-10-12 16:29:37] [DEBUG] 处理读事件，文件描述符：8
[2024-10-12 16:29:37] [DEBUG] 工作线程 129568748865216 开始执行任务。
[2024-10-12 16:29:37] [DEBUG] 处理读事件，文件描述符：8
[2024-10-12 16:29:37] [DEBUG] 工作线程 129568727893696 完成任务。
[2024-10-12 16:29:37] [DEBUG] 工作线程 129568748865216 完成任务。
[2024-10-12 16:29:39] [DEBUG] 工作线程 129568717407936 开始执行任务。
[2024-10-12 16:29:39] [DEBUG] 处理读事件，文件描述符：6
[2024-10-12 16:29:39] [DEBUG] 工作线程 129568717407936 完成任务。
[2024-10-12 16:29:39] [DEBUG] 工作线程 129568717407936 开始执行任务。
[2024-10-12 16:29:39] [DEBUG] 处理写事件，文件描述符：6
[2024-10-12 16:29:39] [DEBUG] 工作线程 129568717407936 完成任务。
